[debug] [2025-05-25T03:12:40.050Z] ----------------------------------------------------------------------
[debug] [2025-05-25T03:12:40.051Z] Command:       /Users/takeshi/.nodenv/versions/20.18.1/bin/node /Users/takeshi/.nodenv/versions/20.18.1/bin/firebase emulators:start --only firestore
[debug] [2025-05-25T03:12:40.051Z] CLI Version:   14.4.0
[debug] [2025-05-25T03:12:40.052Z] Platform:      darwin
[debug] [2025-05-25T03:12:40.052Z] Node Version:  v20.18.1
[debug] [2025-05-25T03:12:40.052Z] Time:          Sun May 25 2025 12:12:40 GMT+0900 (日本標準時)
[debug] [2025-05-25T03:12:40.052Z] ----------------------------------------------------------------------
[debug] 
[debug] [2025-05-25T03:12:40.157Z] > command requires scopes: ["email","openid","https://www.googleapis.com/auth/cloudplatformprojects.readonly","https://www.googleapis.com/auth/firebase","https://www.googleapis.com/auth/cloud-platform"]
[debug] [2025-05-25T03:12:40.158Z] > authorizing via signed-in user (iwamototake2155@gmail.com)
[debug] [2025-05-25T03:12:41.094Z] openjdk version "17.0.15" 2025-04-15

[debug] [2025-05-25T03:12:41.094Z] OpenJDK Runtime Environment Homebrew (build 17.0.15+0)
OpenJDK 64-Bit Server VM Homebrew (build 17.0.15+0, mixed mode, sharing)

[debug] [2025-05-25T03:12:41.096Z] Parsed Java major version: 17
[info] i  emulators: Starting emulators: firestore {"metadata":{"emulator":{"name":"hub"},"message":"Starting emulators: firestore"}}
[debug] [2025-05-25T03:12:41.362Z] [logging] Logging Emulator only supports listening on one address (127.0.0.1). Not listening on ::1
[debug] [2025-05-25T03:12:41.363Z] [firestore] Firestore Emulator only supports listening on one address (127.0.0.1). Not listening on ::1
[debug] [2025-05-25T03:12:41.363Z] [firestore.websocket] websocket server for firestore only supports listening on one address (127.0.0.1). Not listening on ::1
[debug] [2025-05-25T03:12:41.363Z] assigned listening specs for emulators {"user":{"hub":[{"address":"127.0.0.1","family":"IPv4","port":4400},{"address":"::1","family":"IPv6","port":4400}],"ui":[{"address":"127.0.0.1","family":"IPv4","port":4000},{"address":"::1","family":"IPv6","port":4000}],"logging":[{"address":"127.0.0.1","family":"IPv4","port":4500}],"firestore":[{"address":"127.0.0.1","family":"IPv4","port":8080}],"firestore.websocket":[{"address":"127.0.0.1","family":"IPv4","port":9150}]},"metadata":{"message":"assigned listening specs for emulators"}}
[debug] [2025-05-25T03:12:41.365Z] [hub] writing locator at /var/folders/dt/w8cc2h2j0010jm4c_drqcysh0000gn/T/hub-study-schedule-app.json
[debug] [2025-05-25T03:12:41.367Z] Checked if tokens are valid: false, expires at: 1747839011862
[debug] [2025-05-25T03:12:41.367Z] Checked if tokens are valid: false, expires at: 1747839011862
[debug] [2025-05-25T03:12:41.367Z] > refreshing access token with scopes: []
[debug] [2025-05-25T03:12:41.368Z] >>> [apiv2][query] POST https://www.googleapis.com/oauth2/v3/token [none]
[debug] [2025-05-25T03:12:41.368Z] >>> [apiv2][body] POST https://www.googleapis.com/oauth2/v3/token [omitted]
[debug] [2025-05-25T03:12:41.579Z] <<< [apiv2][status] POST https://www.googleapis.com/oauth2/v3/token 200
[debug] [2025-05-25T03:12:41.579Z] <<< [apiv2][body] POST https://www.googleapis.com/oauth2/v3/token [omitted]
[debug] [2025-05-25T03:12:41.593Z] >>> [apiv2][query] GET https://firebase.googleapis.com/v1beta1/projects/study-schedule-app [none]
[debug] [2025-05-25T03:12:41.981Z] <<< [apiv2][status] GET https://firebase.googleapis.com/v1beta1/projects/study-schedule-app 200
[debug] [2025-05-25T03:12:41.981Z] <<< [apiv2][body] GET https://firebase.googleapis.com/v1beta1/projects/study-schedule-app {"projectId":"study-schedule-app","projectNumber":"86208137541","displayName":"study-schedule-app","name":"projects/study-schedule-app","resources":{"hostingSite":"study-schedule-app"},"state":"ACTIVE","etag":"1_925f82ed-b098-48b4-92cb-f016079af787"}
[warn] ⚠  firestore: Cloud Firestore Emulator does not support multiple databases yet. {"metadata":{"emulator":{"name":"firestore"},"message":"Cloud Firestore Emulator does not support multiple databases yet."}}
[warn] ⚠  firestore: Did not find a Cloud Firestore rules file specified in a firebase.json config file. {"metadata":{"emulator":{"name":"firestore"},"message":"Did not find a Cloud Firestore rules file specified in a firebase.json config file."}}
[warn] ⚠  firestore: The emulator will default to allowing all reads and writes. Learn more about this option: https://firebase.google.com/docs/emulator-suite/install_and_configure#security_rules_configuration. {"metadata":{"emulator":{"name":"firestore"},"message":"The emulator will default to allowing all reads and writes. Learn more about this option: https://firebase.google.com/docs/emulator-suite/install_and_configure#security_rules_configuration."}}
[info] i  firestore: downloading cloud-firestore-emulator-v1.19.8.jar... {"metadata":{"emulator":{"name":"firestore"},"message":"downloading cloud-firestore-emulator-v1.19.8.jar..."}}
[debug] [2025-05-25T03:12:41.983Z] >>> [apiv2][query] GET https://storage.googleapis.com/firebase-preview-drop/emulator/cloud-firestore-emulator-v1.19.8.jar 
[debug] [2025-05-25T03:12:42.304Z] <<< [apiv2][status] GET https://storage.googleapis.com/firebase-preview-drop/emulator/cloud-firestore-emulator-v1.19.8.jar 200
[debug] [2025-05-25T03:12:42.305Z] <<< [apiv2][body] GET https://storage.googleapis.com/firebase-preview-drop/emulator/cloud-firestore-emulator-v1.19.8.jar [stream]
[debug] [2025-05-25T03:12:45.095Z] Ignoring unsupported arg: auto_download {"metadata":{"emulator":{"name":"firestore"},"message":"Ignoring unsupported arg: auto_download"}}
[debug] [2025-05-25T03:12:45.095Z] Ignoring unsupported arg: single_project_mode_error {"metadata":{"emulator":{"name":"firestore"},"message":"Ignoring unsupported arg: single_project_mode_error"}}
[debug] [2025-05-25T03:12:45.096Z] Starting Firestore Emulator with command {"binary":"java","args":["-Dgoogle.cloud_firestore.debug_log_level=FINE","-Duser.language=en","-jar","/Users/takeshi/.cache/firebase/emulators/cloud-firestore-emulator-v1.19.8.jar","--host","127.0.0.1","--port",8080,"--websocket_port",9150,"--project_id","study-schedule-app","--single_project_mode",true],"optionalArgs":["port","webchannel_port","host","rules","websocket_port","functions_emulator","seed_from_export","project_id","single_project_mode"],"joinArgs":false,"shell":false,"port":8080} {"metadata":{"emulator":{"name":"firestore"},"message":"Starting Firestore Emulator with command {\"binary\":\"java\",\"args\":[\"-Dgoogle.cloud_firestore.debug_log_level=FINE\",\"-Duser.language=en\",\"-jar\",\"/Users/takeshi/.cache/firebase/emulators/cloud-firestore-emulator-v1.19.8.jar\",\"--host\",\"127.0.0.1\",\"--port\",8080,\"--websocket_port\",9150,\"--project_id\",\"study-schedule-app\",\"--single_project_mode\",true],\"optionalArgs\":[\"port\",\"webchannel_port\",\"host\",\"rules\",\"websocket_port\",\"functions_emulator\",\"seed_from_export\",\"project_id\",\"single_project_mode\"],\"joinArgs\":false,\"shell\":false,\"port\":8080}"}}
[info] i  firestore: Firestore Emulator logging to firestore-debug.log {"metadata":{"emulator":{"name":"firestore"},"message":"Firestore Emulator logging to \u001b[1mfirestore-debug.log\u001b[22m"}}
[debug] [2025-05-25T03:12:45.500Z] May 25, 2025 12:12:45 PM com.google.cloud.datastore.emulator.firestore.websocket.WebSocketServer start
INFO: Started WebSocket server on ws://127.0.0.1:9150
 {"metadata":{"emulator":{"name":"firestore"},"message":"May 25, 2025 12:12:45 PM com.google.cloud.datastore.emulator.firestore.websocket.WebSocketServer start\nINFO: Started WebSocket server on ws://127.0.0.1:9150\n"}}
[debug] [2025-05-25T03:12:45.508Z] API endpoint: http:// {"metadata":{"emulator":{"name":"firestore"},"message":"API endpoint: http://"}}
[debug] [2025-05-25T03:12:45.508Z] 127.0.0.1:8080
If you are using a library that supports the FIRESTORE_EMULATOR_HOST environment variable, run:

   export FIRESTORE_EMULATOR_HOST=127.0.0.1:8080

If you are running a Firestore in Datastore Mode project, run:

   export DATASTORE_EMULATOR_HOST=127.0.0.1:8080

Note: Support for Datastore Mode is in preview. If you encounter any bugs please file at https://github.com/firebase/firebase-tools/issues.
Dev App Server is now running.

 {"metadata":{"emulator":{"name":"firestore"},"message":"127.0.0.1:8080\nIf you are using a library that supports the FIRESTORE_EMULATOR_HOST environment variable, run:\n\n   export FIRESTORE_EMULATOR_HOST=127.0.0.1:8080\n\nIf you are running a Firestore in Datastore Mode project, run:\n\n   export DATASTORE_EMULATOR_HOST=127.0.0.1:8080\n\nNote: Support for Datastore Mode is in preview. If you encounter any bugs please file at https://github.com/firebase/firebase-tools/issues.\nDev App Server is now running.\n\n"}}
[info] ✔  firestore: Firestore Emulator UI websocket is running on 9150. {"metadata":{"emulator":{"name":"firestore"},"message":"Firestore Emulator UI websocket is running on 9150."}}
[info] i  ui: downloading ui-v1.15.0.zip... {"metadata":{"emulator":{"name":"ui"},"message":"downloading ui-v1.15.0.zip..."}}
[debug] [2025-05-25T03:12:45.710Z] >>> [apiv2][query] GET https://storage.googleapis.com/firebase-preview-drop/emulator/ui-v1.15.0.zip 
[debug] [2025-05-25T03:12:45.740Z] <<< [apiv2][status] GET https://storage.googleapis.com/firebase-preview-drop/emulator/ui-v1.15.0.zip 200
[debug] [2025-05-25T03:12:45.741Z] <<< [apiv2][body] GET https://storage.googleapis.com/firebase-preview-drop/emulator/ui-v1.15.0.zip [stream]
[debug] [2025-05-25T03:12:45.837Z] Data is 3538469
[debug] [2025-05-25T03:12:45.838Z] [unzip] Entry: client/ (compressed_size=0 bytes, uncompressed_size=0 bytes)
[debug] [2025-05-25T03:12:45.838Z] [unzip] Processing entry: client/
[debug] [2025-05-25T03:12:45.838Z] [unzip] mkdir: /Users/takeshi/.cache/firebase/emulators/ui-v1.15.0/client/
[debug] [2025-05-25T03:12:45.838Z] [unzip] Entry: client/favicon-16x16.png (compressed_size=293 bytes, uncompressed_size=293 bytes)
[debug] [2025-05-25T03:12:45.838Z] [unzip] Processing entry: client/favicon-16x16.png
[debug] [2025-05-25T03:12:45.838Z] [unzip] else mkdir: /Users/takeshi/.cache/firebase/emulators/ui-v1.15.0/client
[debug] [2025-05-25T03:12:45.839Z] [unzip] Writing file: /Users/takeshi/.cache/firebase/emulators/ui-v1.15.0/client/favicon-16x16.png
[debug] [2025-05-25T03:12:45.839Z] [unzip] Entry: client/safari-pinned-tab.svg (compressed_size=1433 bytes, uncompressed_size=2611 bytes)
[debug] [2025-05-25T03:12:45.839Z] [unzip] Processing entry: client/safari-pinned-tab.svg
[debug] [2025-05-25T03:12:45.839Z] [unzip] else mkdir: /Users/takeshi/.cache/firebase/emulators/ui-v1.15.0/client
[debug] [2025-05-25T03:12:45.839Z] [unzip] deflating: /Users/takeshi/.cache/firebase/emulators/ui-v1.15.0/client/safari-pinned-tab.svg
[debug] [2025-05-25T03:12:45.843Z] [unzip] Entry: client/favicon.ico (compressed_size=2933 bytes, uncompressed_size=13294 bytes)
[debug] [2025-05-25T03:12:45.843Z] [unzip] Processing entry: client/favicon.ico
[debug] [2025-05-25T03:12:45.843Z] [unzip] else mkdir: /Users/takeshi/.cache/firebase/emulators/ui-v1.15.0/client
[debug] [2025-05-25T03:12:45.843Z] [unzip] deflating: /Users/takeshi/.cache/firebase/emulators/ui-v1.15.0/client/favicon.ico
[debug] [2025-05-25T03:12:45.844Z] [unzip] Entry: client/index.html (compressed_size=1364 bytes, uncompressed_size=3071 bytes)
[debug] [2025-05-25T03:12:45.844Z] [unzip] Processing entry: client/index.html
[debug] [2025-05-25T03:12:45.844Z] [unzip] else mkdir: /Users/takeshi/.cache/firebase/emulators/ui-v1.15.0/client
[debug] [2025-05-25T03:12:45.844Z] [unzip] deflating: /Users/takeshi/.cache/firebase/emulators/ui-v1.15.0/client/index.html
[debug] [2025-05-25T03:12:45.844Z] [unzip] Entry: client/android-chrome-192x192.png (compressed_size=2684 bytes, uncompressed_size=2684 bytes)
[debug] [2025-05-25T03:12:45.844Z] [unzip] Processing entry: client/android-chrome-192x192.png
[debug] [2025-05-25T03:12:45.844Z] [unzip] else mkdir: /Users/takeshi/.cache/firebase/emulators/ui-v1.15.0/client
[debug] [2025-05-25T03:12:45.845Z] [unzip] Writing file: /Users/takeshi/.cache/firebase/emulators/ui-v1.15.0/client/android-chrome-192x192.png
[debug] [2025-05-25T03:12:45.845Z] [unzip] Entry: client/apple-touch-icon.png (compressed_size=2123 bytes, uncompressed_size=2152 bytes)
[debug] [2025-05-25T03:12:45.845Z] [unzip] Processing entry: client/apple-touch-icon.png
[debug] [2025-05-25T03:12:45.845Z] [unzip] else mkdir: /Users/takeshi/.cache/firebase/emulators/ui-v1.15.0/client
[debug] [2025-05-25T03:12:45.845Z] [unzip] deflating: /Users/takeshi/.cache/firebase/emulators/ui-v1.15.0/client/apple-touch-icon.png
[debug] [2025-05-25T03:12:45.845Z] [unzip] Entry: client/android-chrome-512x512.png (compressed_size=5369 bytes, uncompressed_size=5411 bytes)
[debug] [2025-05-25T03:12:45.845Z] [unzip] Processing entry: client/android-chrome-512x512.png
[debug] [2025-05-25T03:12:45.845Z] [unzip] else mkdir: /Users/takeshi/.cache/firebase/emulators/ui-v1.15.0/client
[debug] [2025-05-25T03:12:45.845Z] [unzip] deflating: /Users/takeshi/.cache/firebase/emulators/ui-v1.15.0/client/android-chrome-512x512.png
[debug] [2025-05-25T03:12:45.846Z] [unzip] Entry: client/manifest.json (compressed_size=245 bytes, uncompressed_size=551 bytes)
[debug] [2025-05-25T03:12:45.846Z] [unzip] Processing entry: client/manifest.json
[debug] [2025-05-25T03:12:45.846Z] [unzip] else mkdir: /Users/takeshi/.cache/firebase/emulators/ui-v1.15.0/client
[debug] [2025-05-25T03:12:45.846Z] [unzip] deflating: /Users/takeshi/.cache/firebase/emulators/ui-v1.15.0/client/manifest.json
[debug] [2025-05-25T03:12:45.846Z] [unzip] Entry: client/robots.txt (compressed_size=26 bytes, uncompressed_size=26 bytes)
[debug] [2025-05-25T03:12:45.846Z] [unzip] Processing entry: client/robots.txt
[debug] [2025-05-25T03:12:45.846Z] [unzip] else mkdir: /Users/takeshi/.cache/firebase/emulators/ui-v1.15.0/client
[debug] [2025-05-25T03:12:45.846Z] [unzip] Writing file: /Users/takeshi/.cache/firebase/emulators/ui-v1.15.0/client/robots.txt
[debug] [2025-05-25T03:12:45.846Z] [unzip] Entry: client/mstile-150x150.png (compressed_size=2034 bytes, uncompressed_size=2034 bytes)
[debug] [2025-05-25T03:12:45.846Z] [unzip] Processing entry: client/mstile-150x150.png
[debug] [2025-05-25T03:12:45.846Z] [unzip] else mkdir: /Users/takeshi/.cache/firebase/emulators/ui-v1.15.0/client
[debug] [2025-05-25T03:12:45.846Z] [unzip] Writing file: /Users/takeshi/.cache/firebase/emulators/ui-v1.15.0/client/mstile-150x150.png
[debug] [2025-05-25T03:12:45.847Z] [unzip] Entry: client/assets/ (compressed_size=0 bytes, uncompressed_size=0 bytes)
[debug] [2025-05-25T03:12:45.847Z] [unzip] Processing entry: client/assets/
[debug] [2025-05-25T03:12:45.847Z] [unzip] mkdir: /Users/takeshi/.cache/firebase/emulators/ui-v1.15.0/client/assets/
[debug] [2025-05-25T03:12:45.847Z] [unzip] Entry: client/assets/index-BX-A56oj.js (compressed_size=582089 bytes, uncompressed_size=2092775 bytes)
[debug] [2025-05-25T03:12:45.847Z] [unzip] Processing entry: client/assets/index-BX-A56oj.js
[debug] [2025-05-25T03:12:45.847Z] [unzip] else mkdir: /Users/takeshi/.cache/firebase/emulators/ui-v1.15.0/client/assets
[debug] [2025-05-25T03:12:45.847Z] [unzip] deflating: /Users/takeshi/.cache/firebase/emulators/ui-v1.15.0/client/assets/index-BX-A56oj.js
[debug] [2025-05-25T03:12:45.852Z] [unzip] Entry: client/assets/index-CjB9C900.css (compressed_size=35979 bytes, uncompressed_size=298654 bytes)
[debug] [2025-05-25T03:12:45.852Z] [unzip] Processing entry: client/assets/index-CjB9C900.css
[debug] [2025-05-25T03:12:45.852Z] [unzip] else mkdir: /Users/takeshi/.cache/firebase/emulators/ui-v1.15.0/client/assets
[debug] [2025-05-25T03:12:45.852Z] [unzip] deflating: /Users/takeshi/.cache/firebase/emulators/ui-v1.15.0/client/assets/index-CjB9C900.css
[debug] [2025-05-25T03:12:45.852Z] [unzip] Entry: client/assets/index-BX-A56oj.js.map (compressed_size=2362482 bytes, uncompressed_size=10036679 bytes)
[debug] [2025-05-25T03:12:45.852Z] [unzip] Processing entry: client/assets/index-BX-A56oj.js.map
[debug] [2025-05-25T03:12:45.852Z] [unzip] else mkdir: /Users/takeshi/.cache/firebase/emulators/ui-v1.15.0/client/assets
[debug] [2025-05-25T03:12:45.852Z] [unzip] deflating: /Users/takeshi/.cache/firebase/emulators/ui-v1.15.0/client/assets/index-BX-A56oj.js.map
[debug] [2025-05-25T03:12:45.875Z] [unzip] Entry: client/assets/extensions/ (compressed_size=0 bytes, uncompressed_size=0 bytes)
[debug] [2025-05-25T03:12:45.875Z] [unzip] Processing entry: client/assets/extensions/
[debug] [2025-05-25T03:12:45.875Z] [unzip] mkdir: /Users/takeshi/.cache/firebase/emulators/ui-v1.15.0/client/assets/extensions/
[debug] [2025-05-25T03:12:45.875Z] [unzip] Entry: client/assets/extensions/default-extension.png (compressed_size=1646 bytes, uncompressed_size=1657 bytes)
[debug] [2025-05-25T03:12:45.875Z] [unzip] Processing entry: client/assets/extensions/default-extension.png
[debug] [2025-05-25T03:12:45.875Z] [unzip] else mkdir: /Users/takeshi/.cache/firebase/emulators/ui-v1.15.0/client/assets/extensions
[debug] [2025-05-25T03:12:45.875Z] [unzip] deflating: /Users/takeshi/.cache/firebase/emulators/ui-v1.15.0/client/assets/extensions/default-extension.png
[debug] [2025-05-25T03:12:45.875Z] [unzip] Entry: client/assets/img/ (compressed_size=0 bytes, uncompressed_size=0 bytes)
[debug] [2025-05-25T03:12:45.875Z] [unzip] Processing entry: client/assets/img/
[debug] [2025-05-25T03:12:45.875Z] [unzip] mkdir: /Users/takeshi/.cache/firebase/emulators/ui-v1.15.0/client/assets/img/
[debug] [2025-05-25T03:12:45.875Z] [unzip] Entry: client/assets/img/database.png (compressed_size=29449 bytes, uncompressed_size=29988 bytes)
[debug] [2025-05-25T03:12:45.875Z] [unzip] Processing entry: client/assets/img/database.png
[debug] [2025-05-25T03:12:45.875Z] [unzip] else mkdir: /Users/takeshi/.cache/firebase/emulators/ui-v1.15.0/client/assets/img
[debug] [2025-05-25T03:12:45.875Z] [unzip] deflating: /Users/takeshi/.cache/firebase/emulators/ui-v1.15.0/client/assets/img/database.png
[debug] [2025-05-25T03:12:45.876Z] [unzip] Entry: client/assets/provider-icons/ (compressed_size=0 bytes, uncompressed_size=0 bytes)
[debug] [2025-05-25T03:12:45.876Z] [unzip] Processing entry: client/assets/provider-icons/
[debug] [2025-05-25T03:12:45.876Z] [unzip] mkdir: /Users/takeshi/.cache/firebase/emulators/ui-v1.15.0/client/assets/provider-icons/
[debug] [2025-05-25T03:12:45.876Z] [unzip] Entry: client/assets/provider-icons/auth_service_saml.svg (compressed_size=575 bytes, uncompressed_size=1226 bytes)
[debug] [2025-05-25T03:12:45.876Z] [unzip] Processing entry: client/assets/provider-icons/auth_service_saml.svg
[debug] [2025-05-25T03:12:45.876Z] [unzip] else mkdir: /Users/takeshi/.cache/firebase/emulators/ui-v1.15.0/client/assets/provider-icons
[debug] [2025-05-25T03:12:45.876Z] [unzip] deflating: /Users/takeshi/.cache/firebase/emulators/ui-v1.15.0/client/assets/provider-icons/auth_service_saml.svg
[debug] [2025-05-25T03:12:45.876Z] [unzip] Entry: client/assets/provider-icons/auth_service_phone.svg (compressed_size=261 bytes, uncompressed_size=414 bytes)
[debug] [2025-05-25T03:12:45.876Z] [unzip] Processing entry: client/assets/provider-icons/auth_service_phone.svg
[debug] [2025-05-25T03:12:45.876Z] [unzip] else mkdir: /Users/takeshi/.cache/firebase/emulators/ui-v1.15.0/client/assets/provider-icons
[debug] [2025-05-25T03:12:45.876Z] [unzip] deflating: /Users/takeshi/.cache/firebase/emulators/ui-v1.15.0/client/assets/provider-icons/auth_service_phone.svg
[debug] [2025-05-25T03:12:45.877Z] [unzip] Entry: client/assets/provider-icons/auth_service_facebook.svg (compressed_size=289 bytes, uncompressed_size=457 bytes)
[debug] [2025-05-25T03:12:45.877Z] [unzip] Processing entry: client/assets/provider-icons/auth_service_facebook.svg
[debug] [2025-05-25T03:12:45.877Z] [unzip] else mkdir: /Users/takeshi/.cache/firebase/emulators/ui-v1.15.0/client/assets/provider-icons
[debug] [2025-05-25T03:12:45.877Z] [unzip] deflating: /Users/takeshi/.cache/firebase/emulators/ui-v1.15.0/client/assets/provider-icons/auth_service_facebook.svg
[debug] [2025-05-25T03:12:45.877Z] [unzip] Entry: client/assets/provider-icons/auth_service_game_center.svg (compressed_size=991 bytes, uncompressed_size=3921 bytes)
[debug] [2025-05-25T03:12:45.877Z] [unzip] Processing entry: client/assets/provider-icons/auth_service_game_center.svg
[debug] [2025-05-25T03:12:45.877Z] [unzip] else mkdir: /Users/takeshi/.cache/firebase/emulators/ui-v1.15.0/client/assets/provider-icons
[debug] [2025-05-25T03:12:45.877Z] [unzip] deflating: /Users/takeshi/.cache/firebase/emulators/ui-v1.15.0/client/assets/provider-icons/auth_service_game_center.svg
[debug] [2025-05-25T03:12:45.877Z] [unzip] Entry: client/assets/provider-icons/auth_service_apple.svg (compressed_size=230 bytes, uncompressed_size=334 bytes)
[debug] [2025-05-25T03:12:45.877Z] [unzip] Processing entry: client/assets/provider-icons/auth_service_apple.svg
[debug] [2025-05-25T03:12:45.878Z] [unzip] else mkdir: /Users/takeshi/.cache/firebase/emulators/ui-v1.15.0/client/assets/provider-icons
[debug] [2025-05-25T03:12:45.878Z] [unzip] deflating: /Users/takeshi/.cache/firebase/emulators/ui-v1.15.0/client/assets/provider-icons/auth_service_apple.svg
[debug] [2025-05-25T03:12:45.878Z] [unzip] Entry: client/assets/provider-icons/auth_service_github.svg (compressed_size=466 bytes, uncompressed_size=838 bytes)
[debug] [2025-05-25T03:12:45.878Z] [unzip] Processing entry: client/assets/provider-icons/auth_service_github.svg
[debug] [2025-05-25T03:12:45.878Z] [unzip] else mkdir: /Users/takeshi/.cache/firebase/emulators/ui-v1.15.0/client/assets/provider-icons
[debug] [2025-05-25T03:12:45.878Z] [unzip] deflating: /Users/takeshi/.cache/firebase/emulators/ui-v1.15.0/client/assets/provider-icons/auth_service_github.svg
[debug] [2025-05-25T03:12:45.878Z] [unzip] Entry: client/assets/provider-icons/auth_service_mslive.svg (compressed_size=203 bytes, uncompressed_size=378 bytes)
[debug] [2025-05-25T03:12:45.878Z] [unzip] Processing entry: client/assets/provider-icons/auth_service_mslive.svg
[debug] [2025-05-25T03:12:45.878Z] [unzip] else mkdir: /Users/takeshi/.cache/firebase/emulators/ui-v1.15.0/client/assets/provider-icons
[debug] [2025-05-25T03:12:45.879Z] [unzip] deflating: /Users/takeshi/.cache/firebase/emulators/ui-v1.15.0/client/assets/provider-icons/auth_service_mslive.svg
[debug] [2025-05-25T03:12:45.879Z] [unzip] Entry: client/assets/provider-icons/auth_service_yahoo.svg (compressed_size=577 bytes, uncompressed_size=1182 bytes)
[debug] [2025-05-25T03:12:45.879Z] [unzip] Processing entry: client/assets/provider-icons/auth_service_yahoo.svg
[debug] [2025-05-25T03:12:45.879Z] [unzip] else mkdir: /Users/takeshi/.cache/firebase/emulators/ui-v1.15.0/client/assets/provider-icons
[debug] [2025-05-25T03:12:45.879Z] [unzip] deflating: /Users/takeshi/.cache/firebase/emulators/ui-v1.15.0/client/assets/provider-icons/auth_service_yahoo.svg
[debug] [2025-05-25T03:12:45.879Z] [unzip] Entry: client/assets/provider-icons/auth_service_twitter.svg (compressed_size=444 bytes, uncompressed_size=751 bytes)
[debug] [2025-05-25T03:12:45.879Z] [unzip] Processing entry: client/assets/provider-icons/auth_service_twitter.svg
[debug] [2025-05-25T03:12:45.879Z] [unzip] else mkdir: /Users/takeshi/.cache/firebase/emulators/ui-v1.15.0/client/assets/provider-icons
[debug] [2025-05-25T03:12:45.879Z] [unzip] deflating: /Users/takeshi/.cache/firebase/emulators/ui-v1.15.0/client/assets/provider-icons/auth_service_twitter.svg
[debug] [2025-05-25T03:12:45.880Z] [unzip] Entry: client/assets/provider-icons/auth_service_play_games.svg (compressed_size=565 bytes, uncompressed_size=1173 bytes)
[debug] [2025-05-25T03:12:45.880Z] [unzip] Processing entry: client/assets/provider-icons/auth_service_play_games.svg
[debug] [2025-05-25T03:12:45.880Z] [unzip] else mkdir: /Users/takeshi/.cache/firebase/emulators/ui-v1.15.0/client/assets/provider-icons
[debug] [2025-05-25T03:12:45.880Z] [unzip] deflating: /Users/takeshi/.cache/firebase/emulators/ui-v1.15.0/client/assets/provider-icons/auth_service_play_games.svg
[debug] [2025-05-25T03:12:45.880Z] [unzip] Entry: client/assets/provider-icons/auth_service_email.svg (compressed_size=228 bytes, uncompressed_size=326 bytes)
[debug] [2025-05-25T03:12:45.880Z] [unzip] Processing entry: client/assets/provider-icons/auth_service_email.svg
[debug] [2025-05-25T03:12:45.880Z] [unzip] else mkdir: /Users/takeshi/.cache/firebase/emulators/ui-v1.15.0/client/assets/provider-icons
[debug] [2025-05-25T03:12:45.880Z] [unzip] deflating: /Users/takeshi/.cache/firebase/emulators/ui-v1.15.0/client/assets/provider-icons/auth_service_email.svg
[debug] [2025-05-25T03:12:45.880Z] [unzip] Entry: client/assets/provider-icons/auth_service_google.svg (compressed_size=409 bytes, uncompressed_size=720 bytes)
[debug] [2025-05-25T03:12:45.880Z] [unzip] Processing entry: client/assets/provider-icons/auth_service_google.svg
[debug] [2025-05-25T03:12:45.880Z] [unzip] else mkdir: /Users/takeshi/.cache/firebase/emulators/ui-v1.15.0/client/assets/provider-icons
[debug] [2025-05-25T03:12:45.881Z] [unzip] deflating: /Users/takeshi/.cache/firebase/emulators/ui-v1.15.0/client/assets/provider-icons/auth_service_google.svg
[debug] [2025-05-25T03:12:45.881Z] [unzip] Entry: client/assets/provider-icons/auth_service_oidc.svg (compressed_size=414 bytes, uncompressed_size=858 bytes)
[debug] [2025-05-25T03:12:45.881Z] [unzip] Processing entry: client/assets/provider-icons/auth_service_oidc.svg
[debug] [2025-05-25T03:12:45.881Z] [unzip] else mkdir: /Users/takeshi/.cache/firebase/emulators/ui-v1.15.0/client/assets/provider-icons
[debug] [2025-05-25T03:12:45.881Z] [unzip] deflating: /Users/takeshi/.cache/firebase/emulators/ui-v1.15.0/client/assets/provider-icons/auth_service_oidc.svg
[debug] [2025-05-25T03:12:45.881Z] [unzip] Entry: client/browserconfig.xml (compressed_size=491 bytes, uncompressed_size=822 bytes)
[debug] [2025-05-25T03:12:45.881Z] [unzip] Processing entry: client/browserconfig.xml
[debug] [2025-05-25T03:12:45.881Z] [unzip] else mkdir: /Users/takeshi/.cache/firebase/emulators/ui-v1.15.0/client
[debug] [2025-05-25T03:12:45.881Z] [unzip] deflating: /Users/takeshi/.cache/firebase/emulators/ui-v1.15.0/client/browserconfig.xml
[debug] [2025-05-25T03:12:45.882Z] [unzip] Entry: client/favicon-32x32.png (compressed_size=475 bytes, uncompressed_size=475 bytes)
[debug] [2025-05-25T03:12:45.882Z] [unzip] Processing entry: client/favicon-32x32.png
[debug] [2025-05-25T03:12:45.882Z] [unzip] else mkdir: /Users/takeshi/.cache/firebase/emulators/ui-v1.15.0/client
[debug] [2025-05-25T03:12:45.882Z] [unzip] Writing file: /Users/takeshi/.cache/firebase/emulators/ui-v1.15.0/client/favicon-32x32.png
[debug] [2025-05-25T03:12:45.882Z] [unzip] Entry: server/ (compressed_size=0 bytes, uncompressed_size=0 bytes)
[debug] [2025-05-25T03:12:45.882Z] [unzip] Processing entry: server/
[debug] [2025-05-25T03:12:45.882Z] [unzip] mkdir: /Users/takeshi/.cache/firebase/emulators/ui-v1.15.0/server/
[debug] [2025-05-25T03:12:45.882Z] [unzip] Entry: server/server.mjs.map (compressed_size=217845 bytes, uncompressed_size=944978 bytes)
[debug] [2025-05-25T03:12:45.882Z] [unzip] Processing entry: server/server.mjs.map
[debug] [2025-05-25T03:12:45.882Z] [unzip] else mkdir: /Users/takeshi/.cache/firebase/emulators/ui-v1.15.0/server
[debug] [2025-05-25T03:12:45.882Z] [unzip] deflating: /Users/takeshi/.cache/firebase/emulators/ui-v1.15.0/server/server.mjs.map
[debug] [2025-05-25T03:12:45.887Z] [unzip] Entry: server/server.mjs (compressed_size=276407 bytes, uncompressed_size=933701 bytes)
[debug] [2025-05-25T03:12:45.887Z] [unzip] Processing entry: server/server.mjs
[debug] [2025-05-25T03:12:45.887Z] [unzip] else mkdir: /Users/takeshi/.cache/firebase/emulators/ui-v1.15.0/server
[debug] [2025-05-25T03:12:45.887Z] [unzip] deflating: /Users/takeshi/.cache/firebase/emulators/ui-v1.15.0/server/server.mjs
[debug] [2025-05-25T03:12:45.892Z] Could not find VSCode notification endpoint: FetchError: request to http://localhost:40001/vscode/notify failed, reason: . If you are not running the Firebase Data Connect VSCode extension, this is expected and not an issue.
[info] 
┌─────────────────────────────────────────────────────────────┐
│ ✔  All emulators ready! It is now safe to connect your app. │
│ i  View Emulator UI at http://127.0.0.1:4000/               │
└─────────────────────────────────────────────────────────────┘

┌───────────┬────────────────┬─────────────────────────────────┐
│ Emulator  │ Host:Port      │ View in Emulator UI             │
├───────────┼────────────────┼─────────────────────────────────┤
│ Firestore │ 127.0.0.1:8080 │ http://127.0.0.1:4000/firestore │
└───────────┴────────────────┴─────────────────────────────────┘
  Emulator Hub host: 127.0.0.1 port: 4400
  Other reserved ports: 4500, 9150

Issues? Report them at https://github.com/firebase/firebase-tools/issues and attach the *-debug.log files.
 
[debug] [2025-05-25T03:13:10.664Z] May 25, 2025 12:13:10 PM io.gapi.emulators.netty.HttpVersionRoutingHandler channelRead
INFO: Detected non-HTTP/2 connection.
 {"metadata":{"emulator":{"name":"firestore"},"message":"May 25, 2025 12:13:10 PM io.gapi.emulators.netty.HttpVersionRoutingHandler channelRead\nINFO: Detected non-HTTP/2 connection.\n"}}
[debug] [2025-05-25T03:13:11.076Z] May 25, 2025 12:13:11 PM io.gapi.emulators.netty.HttpVersionRoutingHandler channelRead
INFO: Detected non-HTTP/2 connection.
 {"metadata":{"emulator":{"name":"firestore"},"message":"May 25, 2025 12:13:11 PM io.gapi.emulators.netty.HttpVersionRoutingHandler channelRead\nINFO: Detected non-HTTP/2 connection.\n"}}
[debug] [2025-05-25T03:13:11.082Z] May 25, 2025 12:13:11 PM io.gapi.emulators.netty.HttpVersionRoutingHandler channelRead
INFO: Detected non-HTTP/2 connection.
 {"metadata":{"emulator":{"name":"firestore"},"message":"May 25, 2025 12:13:11 PM io.gapi.emulators.netty.HttpVersionRoutingHandler channelRead\nINFO: Detected non-HTTP/2 connection.\n"}}
[debug] [2025-05-25T03:13:16.625Z] May 25, 2025 12:13:16 PM io.gapi.emulators.netty.HttpVersionRoutingHandler channelRead
INFO: Detected non-HTTP/2 connection.
 {"metadata":{"emulator":{"name":"firestore"},"message":"May 25, 2025 12:13:16 PM io.gapi.emulators.netty.HttpVersionRoutingHandler channelRead\nINFO: Detected non-HTTP/2 connection.\n"}}
[debug] [2025-05-25T03:13:16.640Z] May 25, 2025 12:13:16 PM io.gapi.emulators.netty.HttpVersionRoutingHandler channelRead
INFO: Detected non-HTTP/2 connection.
 {"metadata":{"emulator":{"name":"firestore"},"message":"May 25, 2025 12:13:16 PM io.gapi.emulators.netty.HttpVersionRoutingHandler channelRead\nINFO: Detected non-HTTP/2 connection.\n"}}
[debug] [2025-05-25T03:13:16.646Z] May 25, 2025 12:13:16 PM io.gapi.emulators.netty.HttpVersionRoutingHandler channelRead
INFO: Detected non-HTTP/2 connection.
 {"metadata":{"emulator":{"name":"firestore"},"message":"May 25, 2025 12:13:16 PM io.gapi.emulators.netty.HttpVersionRoutingHandler channelRead\nINFO: Detected non-HTTP/2 connection.\n"}}
[debug] [2025-05-25T03:13:33.721Z] May 25, 2025 12:13:33 PM com.google.cloud.datastore.emulator.firestore.websocket.WebSocketChannelHandler initChannel
INFO: Connected to new websocket client
 {"metadata":{"emulator":{"name":"firestore"},"message":"May 25, 2025 12:13:33 PM com.google.cloud.datastore.emulator.firestore.websocket.WebSocketChannelHandler initChannel\nINFO: Connected to new websocket client\n"}}
[debug] [2025-05-25T03:13:33.722Z] May 25, 2025 12:13:33 PM io.gapi.emulators.netty.HttpVersionRoutingHandler channelRead
INFO: Detected non-HTTP/2 connection.
 {"metadata":{"emulator":{"name":"firestore"},"message":"May 25, 2025 12:13:33 PM io.gapi.emulators.netty.HttpVersionRoutingHandler channelRead\nINFO: Detected non-HTTP/2 connection.\n"}}
[debug] [2025-05-25T03:13:33.800Z] May 25, 2025 12:13:33 PM io.gapi.emulators.netty.HttpVersionRoutingHandler channelRead
INFO: Detected HTTP/2 connection.
 {"metadata":{"emulator":{"name":"firestore"},"message":"May 25, 2025 12:13:33 PM io.gapi.emulators.netty.HttpVersionRoutingHandler channelRead\nINFO: Detected HTTP/2 connection.\n"}}
[debug] [2025-05-25T03:13:37.015Z] May 25, 2025 12:13:37 PM com.google.cloud.datastore.emulator.firestore.websocket.WebSocketChannelHandler channelClosed
INFO: Websocket client disconnected
 {"metadata":{"emulator":{"name":"firestore"},"message":"May 25, 2025 12:13:37 PM com.google.cloud.datastore.emulator.firestore.websocket.WebSocketChannelHandler channelClosed\nINFO: Websocket client disconnected\n"}}
[debug] [2025-05-25T03:13:46.656Z] May 25, 2025 12:13:46 PM io.gapi.emulators.netty.HttpVersionRoutingHandler channelRead
INFO: Detected non-HTTP/2 connection.
 {"metadata":{"emulator":{"name":"firestore"},"message":"May 25, 2025 12:13:46 PM io.gapi.emulators.netty.HttpVersionRoutingHandler channelRead\nINFO: Detected non-HTTP/2 connection.\n"}}
[debug] [2025-05-25T03:14:16.661Z] May 25, 2025 12:14:16 PM io.gapi.emulators.netty.HttpVersionRoutingHandler channelRead
INFO: Detected non-HTTP/2 connection.
 {"metadata":{"emulator":{"name":"firestore"},"message":"May 25, 2025 12:14:16 PM io.gapi.emulators.netty.HttpVersionRoutingHandler channelRead\nINFO: Detected non-HTTP/2 connection.\n"}}
[debug] [2025-05-25T03:14:55.422Z] May 25, 2025 12:14:55 PM io.gapi.emulators.netty.HttpVersionRoutingHandler channelRead
INFO: Detected non-HTTP/2 connection.
 {"metadata":{"emulator":{"name":"firestore"},"message":"May 25, 2025 12:14:55 PM io.gapi.emulators.netty.HttpVersionRoutingHandler channelRead\nINFO: Detected non-HTTP/2 connection.\n"}}
[debug] [2025-05-25T03:14:55.786Z] May 25, 2025 12:14:55 PM io.gapi.emulators.netty.HttpVersionRoutingHandler channelRead
INFO: Detected non-HTTP/2 connection.
 {"metadata":{"emulator":{"name":"firestore"},"message":"May 25, 2025 12:14:55 PM io.gapi.emulators.netty.HttpVersionRoutingHandler channelRead\nINFO: Detected non-HTTP/2 connection.\n"}}
[debug] [2025-05-25T03:14:55.794Z] May 25, 2025 12:14:55 PM io.gapi.emulators.netty.HttpVersionRoutingHandler channelRead
INFO: Detected non-HTTP/2 connection.
 {"metadata":{"emulator":{"name":"firestore"},"message":"May 25, 2025 12:14:55 PM io.gapi.emulators.netty.HttpVersionRoutingHandler channelRead\nINFO: Detected non-HTTP/2 connection.\n"}}
[debug] [2025-05-25T03:15:25.805Z] May 25, 2025 12:15:25 PM io.gapi.emulators.netty.HttpVersionRoutingHandler channelRead
INFO: Detected non-HTTP/2 connection.
 {"metadata":{"emulator":{"name":"firestore"},"message":"May 25, 2025 12:15:25 PM io.gapi.emulators.netty.HttpVersionRoutingHandler channelRead\nINFO: Detected non-HTTP/2 connection.\n"}}
[debug] [2025-05-25T03:15:29.679Z] May 25, 2025 12:15:29 PM io.gapi.emulators.netty.HttpVersionRoutingHandler channelRead
INFO: Detected non-HTTP/2 connection.
 {"metadata":{"emulator":{"name":"firestore"},"message":"May 25, 2025 12:15:29 PM io.gapi.emulators.netty.HttpVersionRoutingHandler channelRead\nINFO: Detected non-HTTP/2 connection.\n"}}
[debug] [2025-05-25T03:15:29.692Z] May 25, 2025 12:15:29 PM io.gapi.emulators.netty.HttpVersionRoutingHandler channelRead
INFO: Detected non-HTTP/2 connection.
 {"metadata":{"emulator":{"name":"firestore"},"message":"May 25, 2025 12:15:29 PM io.gapi.emulators.netty.HttpVersionRoutingHandler channelRead\nINFO: Detected non-HTTP/2 connection.\n"}}
[debug] [2025-05-25T03:15:29.697Z] May 25, 2025 12:15:29 PM io.gapi.emulators.netty.HttpVersionRoutingHandler channelRead
INFO: Detected non-HTTP/2 connection.
 {"metadata":{"emulator":{"name":"firestore"},"message":"May 25, 2025 12:15:29 PM io.gapi.emulators.netty.HttpVersionRoutingHandler channelRead\nINFO: Detected non-HTTP/2 connection.\n"}}
[debug] [2025-05-25T03:15:29.697Z] May 25, 2025 12:15:29 PM io.gapi.emulators.netty.HttpVersionRoutingHandler channelRead
INFO: Detected non-HTTP/2 connection.
 {"metadata":{"emulator":{"name":"firestore"},"message":"May 25, 2025 12:15:29 PM io.gapi.emulators.netty.HttpVersionRoutingHandler channelRead\nINFO: Detected non-HTTP/2 connection.\n"}}
[debug] [2025-05-25T03:15:29.749Z] May 25, 2025 12:15:29 PM io.gapi.emulators.netty.HttpVersionRoutingHandler channelRead
INFO: Detected non-HTTP/2 connection.
 {"metadata":{"emulator":{"name":"firestore"},"message":"May 25, 2025 12:15:29 PM io.gapi.emulators.netty.HttpVersionRoutingHandler channelRead\nINFO: Detected non-HTTP/2 connection.\n"}}
[debug] [2025-05-25T03:15:29.754Z] May 25, 2025 12:15:29 PM io.gapi.emulators.netty.HttpVersionRoutingHandler channelRead
INFO: Detected non-HTTP/2 connection.
 {"metadata":{"emulator":{"name":"firestore"},"message":"May 25, 2025 12:15:29 PM io.gapi.emulators.netty.HttpVersionRoutingHandler channelRead\nINFO: Detected non-HTTP/2 connection.\n"}}
[debug] [2025-05-25T03:15:29.760Z] May 25, 2025 12:15:29 PM io.gapi.emulators.netty.HttpVersionRoutingHandler channelRead
INFO: Detected non-HTTP/2 connection.
 {"metadata":{"emulator":{"name":"firestore"},"message":"May 25, 2025 12:15:29 PM io.gapi.emulators.netty.HttpVersionRoutingHandler channelRead\nINFO: Detected non-HTTP/2 connection.\n"}}
[debug] [2025-05-25T03:15:29.761Z] May 25, 2025 12:15:29 PM io.gapi.emulators.netty.HttpVersionRoutingHandler channelRead
INFO: Detected non-HTTP/2 connection.
 {"metadata":{"emulator":{"name":"firestore"},"message":"May 25, 2025 12:15:29 PM io.gapi.emulators.netty.HttpVersionRoutingHandler channelRead\nINFO: Detected non-HTTP/2 connection.\n"}}
[debug] [2025-05-25T03:15:29.770Z] May 25, 2025 12:15:29 PM io.gapi.emulators.netty.HttpVersionRoutingHandler channelRead
INFO: Detected non-HTTP/2 connection.
 {"metadata":{"emulator":{"name":"firestore"},"message":"May 25, 2025 12:15:29 PM io.gapi.emulators.netty.HttpVersionRoutingHandler channelRead\nINFO: Detected non-HTTP/2 connection.\n"}}
[debug] [2025-05-25T03:15:41.995Z] May 25, 2025 12:15:41 PM io.gapi.emulators.netty.HttpVersionRoutingHandler channelRead
INFO: Detected non-HTTP/2 connection.
 {"metadata":{"emulator":{"name":"firestore"},"message":"May 25, 2025 12:15:41 PM io.gapi.emulators.netty.HttpVersionRoutingHandler channelRead\nINFO: Detected non-HTTP/2 connection.\n"}}
[debug] [2025-05-25T03:15:42.009Z] May 25, 2025 12:15:42 PM io.gapi.emulators.netty.HttpVersionRoutingHandler channelRead
INFO: Detected non-HTTP/2 connection.
 {"metadata":{"emulator":{"name":"firestore"},"message":"May 25, 2025 12:15:42 PM io.gapi.emulators.netty.HttpVersionRoutingHandler channelRead\nINFO: Detected non-HTTP/2 connection.\n"}}
[debug] [2025-05-25T03:15:42.011Z] May 25, 2025 12:15:42 PM io.gapi.emulators.netty.HttpVersionRoutingHandler channelRead
INFO: Detected non-HTTP/2 connection.
 {"metadata":{"emulator":{"name":"firestore"},"message":"May 25, 2025 12:15:42 PM io.gapi.emulators.netty.HttpVersionRoutingHandler channelRead\nINFO: Detected non-HTTP/2 connection.\n"}}
[debug] [2025-05-25T03:15:42.020Z] May 25, 2025 12:15:42 PM io.gapi.emulators.netty.HttpVersionRoutingHandler channelRead
INFO: Detected non-HTTP/2 connection.
 {"metadata":{"emulator":{"name":"firestore"},"message":"May 25, 2025 12:15:42 PM io.gapi.emulators.netty.HttpVersionRoutingHandler channelRead\nINFO: Detected non-HTTP/2 connection.\n"}}
[debug] [2025-05-25T03:15:55.449Z] May 25, 2025 12:15:55 PM io.gapi.emulators.netty.HttpVersionRoutingHandler channelRead
INFO: Detected non-HTTP/2 connection.
 {"metadata":{"emulator":{"name":"firestore"},"message":"May 25, 2025 12:15:55 PM io.gapi.emulators.netty.HttpVersionRoutingHandler channelRead\nINFO: Detected non-HTTP/2 connection.\n"}}
[debug] [2025-05-25T03:15:55.465Z] May 25, 2025 12:15:55 PM io.gapi.emulators.netty.HttpVersionRoutingHandler channelRead
INFO: Detected non-HTTP/2 connection.
 {"metadata":{"emulator":{"name":"firestore"},"message":"May 25, 2025 12:15:55 PM io.gapi.emulators.netty.HttpVersionRoutingHandler channelRead\nINFO: Detected non-HTTP/2 connection.\n"}}
[debug] [2025-05-25T03:15:55.469Z] May 25, 2025 12:15:55 PM io.gapi.emulators.netty.HttpVersionRoutingHandler channelRead
INFO: Detected non-HTTP/2 connection.
 {"metadata":{"emulator":{"name":"firestore"},"message":"May 25, 2025 12:15:55 PM io.gapi.emulators.netty.HttpVersionRoutingHandler channelRead\nINFO: Detected non-HTTP/2 connection.\n"}}
[debug] [2025-05-25T03:15:55.477Z] May 25, 2025 12:15:55 PM io.gapi.emulators.netty.HttpVersionRoutingHandler channelRead
INFO: Detected non-HTTP/2 connection.
 {"metadata":{"emulator":{"name":"firestore"},"message":"May 25, 2025 12:15:55 PM io.gapi.emulators.netty.HttpVersionRoutingHandler channelRead\nINFO: Detected non-HTTP/2 connection.\n"}}
[debug] [2025-05-25T03:16:01.908Z] May 25, 2025 12:16:01 PM io.gapi.emulators.netty.HttpVersionRoutingHandler channelRead
INFO: Detected non-HTTP/2 connection.
 {"metadata":{"emulator":{"name":"firestore"},"message":"May 25, 2025 12:16:01 PM io.gapi.emulators.netty.HttpVersionRoutingHandler channelRead\nINFO: Detected non-HTTP/2 connection.\n"}}
[debug] [2025-05-25T03:16:01.918Z] May 25, 2025 12:16:01 PM io.gapi.emulators.netty.HttpVersionRoutingHandler channelRead
INFO: Detected non-HTTP/2 connection.
 {"metadata":{"emulator":{"name":"firestore"},"message":"May 25, 2025 12:16:01 PM io.gapi.emulators.netty.HttpVersionRoutingHandler channelRead\nINFO: Detected non-HTTP/2 connection.\n"}}
[debug] [2025-05-25T03:16:01.920Z] May 25, 2025 12:16:01 PM io.gapi.emulators.netty.HttpVersionRoutingHandler channelRead
INFO: Detected non-HTTP/2 connection.
 {"metadata":{"emulator":{"name":"firestore"},"message":"May 25, 2025 12:16:01 PM io.gapi.emulators.netty.HttpVersionRoutingHandler channelRead\nINFO: Detected non-HTTP/2 connection.\n"}}
[debug] [2025-05-25T03:16:01.928Z] May 25, 2025 12:16:01 PM io.gapi.emulators.netty.HttpVersionRoutingHandler channelRead
INFO: Detected non-HTTP/2 connection.
 {"metadata":{"emulator":{"name":"firestore"},"message":"May 25, 2025 12:16:01 PM io.gapi.emulators.netty.HttpVersionRoutingHandler channelRead\nINFO: Detected non-HTTP/2 connection.\n"}}
[debug] [2025-05-25T03:16:31.932Z] May 25, 2025 12:16:31 PM io.gapi.emulators.netty.HttpVersionRoutingHandler channelRead
INFO: Detected non-HTTP/2 connection.
 {"metadata":{"emulator":{"name":"firestore"},"message":"May 25, 2025 12:16:31 PM io.gapi.emulators.netty.HttpVersionRoutingHandler channelRead\nINFO: Detected non-HTTP/2 connection.\n"}}
[debug] [2025-05-25T03:16:31.935Z] May 25, 2025 12:16:31 PM io.gapi.emulators.netty.HttpVersionRoutingHandler channelRead
INFO: Detected non-HTTP/2 connection.
 {"metadata":{"emulator":{"name":"firestore"},"message":"May 25, 2025 12:16:31 PM io.gapi.emulators.netty.HttpVersionRoutingHandler channelRead\nINFO: Detected non-HTTP/2 connection.\n"}}
